04-22 17:43:18 [INFO] Checking for external overrides...
04-22 17:43:18 [INFO] Dumping all loaded entities to a file...
04-22 17:43:18 [INFO] Finding all Spawn List Entries...
04-22 17:43:18 [INFO] Generating default biomes list...
04-22 17:43:18 [INFO] Validating all biomes...
04-22 17:43:18 [INFO] All biomes have valid names
04-22 17:43:18 [INFO] Creating Default Spawn Configuration...
04-22 17:43:18 [INFO] Creating a SpawnConfiguration for file D:\Minecraft Servers\ME3 Server(1)\.\DefaultSpawnConfiguration.txt
04-22 17:43:18 [INFO] Attempting to set SpawnCap to 70 for "monster"
04-22 17:43:18 [INFO] Attempting to set SpawnCap to 15 for "creature"
04-22 17:43:18 [INFO] Attempting to set SpawnCap to 5 for "waterCreature"
04-22 17:43:18 [INFO] Attempting to set SpawnCap to 15 for "ambient"
04-22 17:43:18 [INFO] Trying to load Spawn Configuration...
04-22 17:43:18 [INFO] Attempting to set SpawnCap to 70 for "monster"
04-22 17:43:18 [INFO] Attempting to set SpawnCap to 15 for "creature"
04-22 17:43:18 [INFO] Attempting to set SpawnCap to 5 for "waterCreature"
04-22 17:43:18 [INFO] Attempting to set SpawnCap to 15 for "ambient"
04-22 17:43:18 [INFO] Trying to save Spawn Configuration...
04-22 17:43:20 [INFO] Creating a SpawnConfiguration for file D:\Minecraft Servers\ME3 Server(1)\.\world\SpawnConfiguration.txt
04-22 17:43:20 [INFO] Attempting to set SpawnCap to 70 for "monster"
04-22 17:43:20 [INFO] Attempting to set SpawnCap to 15 for "creature"
04-22 17:43:20 [INFO] Attempting to set SpawnCap to 5 for "waterCreature"
04-22 17:43:20 [INFO] Attempting to set SpawnCap to 15 for "ambient"
04-22 17:43:20 [INFO] Trying to load Spawn Configuration...
04-22 17:43:20 [INFO] Attempting to set SpawnCap to 55 for "monster"
04-22 17:43:20 [INFO] Attempting to set SpawnCap to 6 for "creature"
04-22 17:43:20 [INFO] Attempting to set SpawnCap to 1 for "waterCreature"
04-22 17:43:20 [INFO] Attempting to set SpawnCap to 1 for "ambient"
04-22 17:43:20 [INFO] Trying to save Spawn Configuration...
04-22 17:43:47 [INFO] Unloading: SpawnConfiguration for file: D:\Minecraft Servers\ME3 Server(1)\.\world\SpawnConfiguration.txt
