Found ConfigField TileEntityRemover_Enabled
Found ConfigField TileEntityTargetList
Ore: sandstone
Ore: glass
Ore: oreCoal
Ore: cloth
Ore: blockGold
Ore: blockIron
Ore: blockDiamond
Ore: blockGlowstone
Ore: blockEmerald
Ore: blockRedstone
Ore: coal
Ore: charcoal
Ore: ingotIron
Ore: ingotGold
Ore: dustRedstone
Ore: slimeball
Ore: dustGlowstone
Ore: nuggetGold
Found ConfigField world_ChanceofItemDrop
Found ConfigField world_cancelAllExplosions
Ore: gemApatite
Ore: ingotCopper
Ore: ingotTin
Ore: ingotBronze
Ore: brickPeat
Ore: dustAsh
Ore: gearBronze
Ore: gearCopper
Ore: gearTin
Ore: pulpWood
Ore: itemBeeswax
Ore: cropCherry
Ore: cropWalnut
Ore: cropChestnut
Ore: cropLemon
Ore: cropPlum
Ore: cropDate
Ore: cropPapaya
Ore: oreApatite
Ore: oreCopper
Ore: oreTin
Ore: dropHoney
Ore: itemPollen
Ore: dropHoneydew
Ore: dropRoyalJelly
Ore: beeComb
Ore: treeSapling
Ore: logWood
Ore: logWood
Ore: logWood
Ore: logWood
Ore: logWood
Ore: logWood
Ore: logWood
Ore: plankWood
Ore: plankWood
Ore: slabWood
Ore: slabWood
Ore: slabWood
Fluid: short.mead
Ore: ingotIron
Ore: ingotGold
Ore: slimeball
Ore: gemDiamond
Ore: gemEmerald
Ore: chestWood
Ore: stickWood
Ore: obsidian
Ore: whiteStone
Ore: transdimBlock
Ore: dustIron
Ore: dustGold
Ore: itemFertilizer
Ore: itemTar
Ore: oreUranium
Ore: elementHydrogen
Ore: elementHelium
Ore: elementLithium
Ore: elementBeryllium
Ore: elementBoron
Ore: elementCarbon
Ore: elementNitrogen
Ore: elementOxygen
Ore: elementFluorine
Ore: elementNeon
Ore: elementSodium
Ore: elementMagnesium
Ore: elementAluminium
Ore: elementSilicon
Ore: elementPhosphorus
Ore: elementSulfur
Ore: elementChlorine
Ore: elementArgon
Ore: elementPotassium
Ore: elementCalcium
Ore: elementScandium
Ore: elementTitanium
Ore: elementVanadium
Ore: elementChromium
Ore: elementManganese
Ore: elementIron
Ore: elementCobalt
Ore: elementNickel
Ore: elementCopper
Ore: elementZinc
Ore: elementGallium
Ore: elementGermanium
Ore: elementArsenic
Ore: elementSelenium
Ore: elementBromine
Ore: elementKrypton
Ore: elementRubidium
Ore: elementStrontium
Ore: elementYttrium
Ore: elementZirconium
Ore: elementNiobium
Ore: elementMolybdenum
Ore: elementTechnetium
Ore: elementRuthenium
Ore: elementRhodium
Ore: elementPalladium
Ore: elementSilver
Ore: elementCadmium
Ore: elementIndium
Ore: elementTin
Ore: elementAntimony
Ore: elementTellurium
Ore: elementIodine
Ore: elementXenon
Ore: elementCaesium
Ore: elementBarium
Ore: elementLanthanum
Ore: elementCerium
Ore: elementPraseodymium
Ore: elementNeodymium
Ore: elementPromethium
Ore: elementSamarium
Ore: elementEuropium
Ore: elementGadolinium
Ore: elementTerbium
Ore: elementDysprosium
Ore: elementHolmium
Ore: elementErbium
Ore: elementThulium
Ore: elementYtterbium
Ore: elementLutetium
Ore: elementHafnium
Ore: elementTantalum
Ore: elementTungsten
Ore: elementRhenium
Ore: elementOsmium
Ore: elementIridium
Ore: elementPlatinum
Ore: elementGold
Ore: elementMercury
Ore: elementThallium
Ore: elementLead
Ore: elementBismuth
Ore: elementPolonium
Ore: elementAstatine
Ore: elementRadon
Ore: elementFrancium
Ore: elementRadium
Ore: elementActinium
Ore: elementThorium
Ore: elementProtactinium
Ore: elementUranium
Ore: elementNeptunium
Ore: elementPlutonium
Ore: elementAmericium
Ore: elementCurium
Ore: elementBerkelium
Ore: elementCalifornium
Ore: elementEinsteinium
Ore: elementFermium
Ore: elementMendelevium
Ore: elementNobelium
Ore: elementLawrencium
Ore: elementRutherfordium
Ore: elementDubnium
Ore: elementSeaborgium
Ore: elementBohrium
Ore: elementHassium
Ore: elementMeitnerium
Ore: elementDarmstadtium
Ore: elementRoentgenium
Ore: elementCopernicium
Ore: elementUnuntrium
Fluid: xpjuice
Ore: stoneRod
Ore: oreCertusQuartz
Ore: crystalCertusQuartz
Ore: dustCertusQuartz
Ore: dustNetherQuartz
Ore: dustEnderPearl
Ore: dustGold
Ore: dustIron
Ore: dustWheat
Ore: blockMarble
Ore: blockLimestone
Ore: blockConcrete
Ore: blockHolystone
Ore: blockLavastone
Ore: blockFft
Ore: blockCarpet
Ore: blockTyrian
Ore: blockDirt
Ore: blockCloud
Ore: bricksGravel
Ore: enderobsidian
Ore: burntquartz
Ore: icestone
Ore: blockUnstable
Ore: magicinfusedwood
Ore: endercore
Ore: sandyglass
Ore: glass
Ore: glass
Ore: glass
Ore: glass
Ore: glass
Ore: glass
Ore: bricksStone
Ore: bricksStone
Ore: bricksStone
Ore: bricksStone
Ore: bricksStone
Ore: bricksStone
Ore: bricksStone
Ore: bricksStone
Ore: bricksStone
Ore: bricksStone
Ore: bricksStone
Ore: bricksStone
Ore: bricksStone
Ore: bricksStone
Ore: bricksStone
Ore: bricksStone
Ore: plankWood
Ore: plankWood
Ore: plankWood
Ore: plankWood
Ore: plankWood
Ore: plankWood
Ore: plankWood
Ore: plankWood
Ore: plankWood
Ore: plankWood
Ore: plankWood
Ore: plankWood
Ore: plankWood
Ore: plankWood
Ore: plankWood
Ore: plankWood
Ore: compressedCobblestone1x
Ore: compressedCobblestone2x
Ore: compressedCobblestone3x
Ore: compressedCobblestone4x
Ore: compressedCobblestone5x
Ore: compressedCobblestone6x
Ore: compressedCobblestone7x
Ore: compressedCobblestone8x
Ore: compressedDirt1x
Ore: compressedDirt2x
Ore: compressedDirt3x
Ore: compressedDirt4x
Ore: compressedGravel1x
Ore: compressedGravel2x
Ore: compressedSand1x
Ore: compressedSand2x
Ore: ingotUnstable
Ore: nuggetUnstable
Fluid: glass
Fluid: milk
Fluid: biomass
Fluid: bioethanol
Fluid: seedoil
Fluid: honey
Fluid: juice
Fluid: ice
Fluid: mutagen
Fluid: liquiddna
Fluid: protein
Ore: beeComb
Ore: dropHoney
Ore: dyeBlack
Ore: dyeRed
Ore: dyeGreen
Ore: dyeBrown
Ore: dyeBlue
Ore: dyePurple
Ore: dyeCyan
Ore: dyeLightGray
Ore: dyeGray
Ore: dyePink
Ore: dyeLime
Ore: dyeYellow
Ore: dyeLightBlue
Ore: dyeMagenta
Ore: dyeOrange
Ore: dyeWhite
Ore: blockBronze
Ore: ingotBronze
Ore: dustBronze
Ore: oreTin
Ore: blockTin
Ore: ingotTin
Ore: dustTin
Ore: blockAngmallen
Ore: ingotAngmallen
Ore: dustAngmallen
Ore: oreCopper
Ore: blockCopper
Ore: ingotCopper
Ore: dustCopper
Ore: blockHepatizon
Ore: ingotHepatizon
Ore: dustHepatizon
Ore: blockSteel
Ore: ingotSteel
Ore: dustSteel
Ore: blockDamascus Steel
Ore: ingotDamascus Steel
Ore: dustDamascus Steel
Ore: oreManganese
Ore: blockManganese
Ore: ingotManganese
Ore: dustManganese
Ore: oreSilver
Ore: blockSilver
Ore: ingotSilver
Ore: dustSilver
Ore: orePlatinum
Ore: blockPlatinum
Ore: ingotPlatinum
Ore: dustPlatinum
Ore: blockBrass
Ore: ingotBrass
Ore: dustBrass
Ore: oreZinc
Ore: blockZinc
Ore: ingotZinc
Ore: dustZinc
Ore: blockElectrum
Ore: ingotElectrum
Ore: dustElectrum
Ore: oreShadow Iron
Ore: blockShadow Iron
Ore: ingotShadow Iron
Ore: dustShadow Iron
Ore: blockInolashite
Ore: ingotInolashite
Ore: dustInolashite
Ore: oreSanguinite
Ore: blockSanguinite
Ore: ingotSanguinite
Ore: dustSanguinite
Ore: blockShadow Steel
Ore: ingotShadow Steel
Ore: dustShadow Steel
Ore: blockAmordrine
Ore: ingotAmordrine
Ore: dustAmordrine
Ore: oreVyroxeres
Ore: blockVyroxeres
Ore: ingotVyroxeres
Ore: dustVyroxeres
Ore: oreVulcanite
Ore: blockVulcanite
Ore: ingotVulcanite
Ore: dustVulcanite
Ore: oreCeruclase
Ore: blockCeruclase
Ore: ingotCeruclase
Ore: dustCeruclase
Ore: oreLemurite
Ore: blockLemurite
Ore: ingotLemurite
Ore: dustLemurite
Ore: oreIgnatius
Ore: blockIgnatius
Ore: ingotIgnatius
Ore: dustIgnatius
Ore: oreMidasium
Ore: blockMidasium
Ore: ingotMidasium
Ore: dustMidasium
Ore: oreAlduorite
Ore: blockAlduorite
Ore: ingotAlduorite
Ore: dustAlduorite
Ore: oreKalendrite
Ore: blockKalendrite
Ore: ingotKalendrite
Ore: dustKalendrite
Ore: oreDeep Iron
Ore: blockDeep Iron
Ore: ingotDeep Iron
Ore: dustDeep Iron
Ore: oreMithril
Ore: blockMithril
Ore: ingotMithril
Ore: dustMithril
Ore: orePrometheum
Ore: blockPrometheum
Ore: ingotPrometheum
Ore: dustPrometheum
Ore: oreRubracium
Ore: blockRubracium
Ore: ingotRubracium
Ore: dustRubracium
Ore: oreAstral Silver
Ore: blockAstral Silver
Ore: ingotAstral Silver
Ore: dustAstral Silver
Ore: oreOrichalcum
Ore: blockOrichalcum
Ore: ingotOrichalcum
Ore: dustOrichalcum
Ore: oreAdamantine
Ore: blockAdamantine
Ore: ingotAdamantine
Ore: dustAdamantine
Ore: oreAtlarus
Ore: blockAtlarus
Ore: ingotAtlarus
Ore: dustAtlarus
Ore: blockCelenegil
Ore: ingotCelenegil
Ore: dustCelenegil
Ore: blockHaderoth
Ore: ingotHaderoth
Ore: dustHaderoth
Ore: blockTartarite
Ore: ingotTartarite
Ore: dustTartarite
Ore: blockBlack Steel
Ore: ingotBlack Steel
Ore: dustBlack Steel
Ore: oreOureclase
Ore: blockOureclase
Ore: ingotOureclase
Ore: dustOureclase
Ore: oreInfuscolium
Ore: blockInfuscolium
Ore: ingotInfuscolium
Ore: dustInfuscolium
Ore: oreCarmot
Ore: blockCarmot
Ore: ingotCarmot
Ore: dustCarmot
Ore: blockQuicksilver
Ore: ingotQuicksilver
Ore: dustQuicksilver
Ore: blockDesichalkos
Ore: ingotDesichalkos
Ore: dustDesichalkos
Ore: oreEximite
Ore: blockEximite
Ore: ingotEximite
Ore: dustEximite
Ore: oreMeutoite
Ore: blockMeutoite
Ore: ingotMeutoite
Ore: dustMeutoite
Ore: orePhosphorite
Ore: orePotash
Ore: oreSaltpeter
Ore: oreMagnesium
Ore: oreSulfur
Ore: oreBitumen
Ore: dustPotash
Ore: dustPhosphorus
Ore: dustSaltpeter
Ore: dustMagnesium
Ore: dustSulfur
Ore: dustBitumen
Ore: dustIron
Ore: dustGold
Ore: dustCoal
Ore: dustObsidian
Ore: dustCopper
Ore: dustTin
Ore: dustSilver
Ore: dustLead
Ore: dustNickel
Ore: dustPlatinum
Ore: dustElectrum
Ore: dustInvar
Ore: dustBronze
Ore: dustEnderium
Ore: ingotCopper
Ore: ingotTin
Ore: ingotSilver
Ore: ingotLead
Ore: ingotNickel
Ore: ingotPlatinum
Ore: ingotElectrum
Ore: ingotInvar
Ore: ingotBronze
Ore: ingotEnderium
Ore: nuggetCopper
Ore: nuggetTin
Ore: nuggetSilver
Ore: nuggetLead
Ore: nuggetNickel
Ore: nuggetPlatinum
Ore: nuggetElectrum
Ore: nuggetInvar
Ore: nuggetBronze
Ore: nuggetEnderium
Ore: dustSulfur
Ore: dustSaltpeter
Ore: crystalCinnabar
Ore: gearCopper
Ore: gearTin
Ore: gearElectrum
Ore: gearInvar
Ore: gearBronze
Ore: oreCopper
Ore: oreTin
Ore: oreSilver
Ore: oreLead
Ore: oreNickel
Ore: blockCopper
Ore: blockTin
Ore: blockSilver
Ore: blockLead
Ore: blockNickel
Ore: blockPlatinum
Ore: blockElectrum
Ore: blockInvar
Ore: blockBronze
Ore: blockEnderium
Ore: glassHardened
Fluid: redstone
Fluid: glowstone
Fluid: ender
Fluid: pyrotheum
Fluid: cryotheum
Fluid: coal
Fluid: steam
Fluid: minechem chemical: cellulose
Fluid: minechem chemical: water
Fluid: minechem chemical: carbon dioxide
Fluid: minechem chemical: nitrogen dioxide
Fluid: minechem chemical: toluene
Fluid: minechem chemical: potassium nitrate
Fluid: minechem chemical: trinitrotoluene
Fluid: minechem chemical: silicon dioxide
Fluid: minechem chemical: calcite
Fluid: minechem chemical: pyrite
Fluid: minechem chemical: nepheline
Fluid: minechem chemical: sulfate (ion)
Fluid: minechem chemical: noselite
Fluid: minechem chemical: sodalite
Fluid: minechem chemical: nitrate (ion)
Fluid: minechem chemical: carbonate (ion)
Fluid: minechem chemical: potassium cyanide
Fluid: minechem chemical: phosphate (ion)
Fluid: minechem chemical: acetate (ion)
Fluid: minechem chemical: chromate (ion)
Fluid: minechem chemical: hydroxide (ion)
Fluid: minechem chemical: ammonium (ion)
Fluid: minechem chemical: hydronium (ion)
Fluid: minechem chemical: peroxide (ion)
Fluid: minechem chemical: calcium oxide
Fluid: minechem chemical: calcium carbonate
Fluid: minechem chemical: magnesium carbonate
Fluid: minechem chemical: lazurite
Fluid: minechem chemical: isoprene
Fluid: minechem chemical: butene
Fluid: minechem chemical: polyisobutylene rubber
Fluid: minechem chemical: malic acid
Fluid: minechem chemical: vinyl chloride monomer
Fluid: minechem chemical: polyvinyl chloride
Fluid: minechem chemical: methamphetamine
Fluid: minechem chemical: psilocybin
Fluid: minechem chemical: iron (iii) oxide
Fluid: minechem chemical: strontium nitrate
Fluid: minechem chemical: magnetite
Fluid: minechem chemical: magnesium oxide
Fluid: minechem chemical: cucurbitacin
Fluid: minechem chemical: aspartic acid
Fluid: minechem chemical: hydroxylapatite
Fluid: minechem chemical: alanine
Fluid: minechem chemical: glycine
Fluid: minechem chemical: serine
Fluid: minechem chemical: mescaline
Fluid: minechem chemical: methyl (ion)
Fluid: minechem chemical: methylene (ion)
Fluid: minechem chemical: methyl methacrylate
Fluid: minechem chemical: poly(methyl methacrylate)
Fluid: minechem chemical: cobalt(ii) nitrate
Fluid: minechem chemical: potassium dichromate
Fluid: minechem chemical: potassium chromate
Fluid: minechem chemical: nickel(ii) chloride
Fluid: minechem chemical: copper(ii) sulfate
Fluid: minechem chemical: potassium permanganate
Fluid: minechem chemical: zinc green
Fluid: minechem chemical: carbon black
Fluid: minechem chemical: titanium dioxide
Fluid: minechem chemical: metasilicate
Fluid: minechem chemical: beryl
Fluid: minechem chemical: ethyl alcohol
Fluid: minechem chemical: amphetamine
Fluid: minechem chemical: theobromine
Fluid: minechem chemical: starch
Fluid: minechem chemical: sucrose
Fluid: minechem chemical: pantherine
Fluid: minechem chemical: aluminium oxide
Fluid: minechem chemical: carbon nanotubes
Fluid: minechem chemical: valine
Fluid: minechem chemical: penicillin
Fluid: minechem chemical: testosterone
Fluid: minechem chemical: kaolinite
Fluid: minechem chemical: fingolimod
Fluid: minechem chemical: arginine
Fluid: minechem chemical: shikimic acid
Fluid: minechem chemical: sulfuric acid
Fluid: minechem chemical: glyphosate
Fluid: minechem chemical: aspirin
Fluid: minechem chemical: ddt
Fluid: minechem chemical: dota
Fluid: minechem chemical: t-2 mycotoxin
Fluid: minechem chemical: salt
Fluid: minechem chemical: ammonia
Fluid: minechem chemical: nodularin
Fluid: minechem chemical: tetrodotoxin
Fluid: minechem chemical: thc
Fluid: minechem chemical: methylcyclopentadienyl manganese tricarbonyl
Fluid: minechem chemical: tert-butyllithium
Fluid: minechem chemical: chloroplatinic acid
Fluid: minechem chemical: phosgene
Fluid: minechem chemical: allyl alcohol
Fluid: minechem chemical: diphenhydramine
Fluid: minechem chemical: batrachotoxin
Fluid: minechem chemical: retinol
Fluid: minechem chemical: xylitol
Fluid: minechem chemical: aminocyclopyrachlor
Fluid: minechem chemical: alprazolam
Fluid: minechem chemical: hydrogen chloride
Fluid: minechem chemical: cocaine
Fluid: minechem chemical: cocaine hydrochloride
Fluid: minechem chemical: guaiazulene
Fluid: minechem chemical: pelargonidin
Fluid: minechem chemical: delphinidin
Fluid: minechem chemical: olivine
Fluid: minechem chemical: methylene blue
Fluid: minechem chemical: methyl alcohol
Fluid: minechem chemical: cholesteryl benzoate
Fluid: minechem chemical: radium chloride
Fluid: minechem chemical: caulerpenyne
Fluid: minechem chemical: hyoscyamine
Fluid: minechem chemical: gallic acid
Fluid: minechem chemical: glucose
Fluid: minechem chemical: tannic acid
Fluid: minechem chemical: hydrogen peroxide
Fluid: minechem chemical: gallium arsenide
Fluid: minechem chemical: fibroin
Fluid: minechem chemical: aluminium phosphate
Fluid: minechem chemical: potassium oxide
Fluid: minechem chemical: sodium oxide
Fluid: minechem chemical: anorthite
Fluid: minechem chemical: albite
Fluid: minechem chemical: orthoclase
Fluid: minechem chemical: biotite
Fluid: minechem chemical: augite
Fluid: minechem chemical: talc
Fluid: minechem chemical: propane
Fluid: minechem chemical: peridot
Fluid: minechem chemical: topaz
Fluid: minechem chemical: zoisite
Fluid: minechem chemical: cysteine
Fluid: minechem chemical: threonine
Fluid: minechem chemical: lysine
Fluid: minechem chemical: methionine
Fluid: minechem chemical: tyrosine
Fluid: minechem chemical: histidine
Fluid: minechem chemical: phenylalanine
Fluid: minechem chemical: glutamine
Fluid: minechem chemical: proline
Fluid: minechem chemical: leucine
Fluid: minechem chemical: tryptophan
Fluid: minechem chemical: aspartate
Fluid: minechem chemical: isoleucine
Fluid: minechem chemical: glutamic acid
Fluid: minechem chemical: asparagine
Fluid: minechem chemical: keratin
Fluid: hydrogen
Fluid: helium
Fluid: lithium
Fluid: beryllium
Fluid: boron
Fluid: carbon
Fluid: nitrogen
Fluid: oxygen
Fluid: fluorine
Fluid: neon
Fluid: sodium
Fluid: magnesium
Fluid: aluminium
Fluid: silicon
Fluid: phosphorus
Fluid: sulfur
Fluid: chlorine
Fluid: argon
Fluid: potassium
Fluid: calcium
Fluid: scandium
Fluid: titanium
Fluid: vanadium
Fluid: chromium
Fluid: manganese
Fluid: iron
Fluid: cobalt
Fluid: nickel
Fluid: copper
Fluid: zinc
Fluid: gallium
Fluid: germanium
Fluid: arsenic
Fluid: selenium
Fluid: bromine
Fluid: krypton
Fluid: rubidium
Fluid: strontium
Fluid: yttrium
Fluid: zirconium
Fluid: niobium
Fluid: molybdenum
Fluid: technetium
Fluid: ruthenium
Fluid: rhodium
Fluid: palladium
Fluid: silver
Fluid: cadmium
Fluid: indium
Fluid: tin
Fluid: antimony
Fluid: tellurium
Fluid: iodine
Fluid: xenon
Fluid: caesium
Fluid: barium
Fluid: lanthanum
Fluid: cerium
Fluid: praseodymium
Fluid: neodymium
Fluid: promethium
Fluid: samarium
Fluid: europium
Fluid: gadolinium
Fluid: terbium
Fluid: dysprosium
Fluid: holmium
Fluid: erbium
Fluid: thulium
Fluid: ytterbium
Fluid: lutetium
Fluid: hafnium
Fluid: tantalum
Fluid: tungsten
Fluid: rhenium
Fluid: osmium
Fluid: iridium
Fluid: platinum
Fluid: gold
Fluid: mercury
Fluid: thallium
Fluid: lead
Fluid: bismuth
Fluid: polonium
Fluid: astatine
Fluid: radon
Fluid: francium
Fluid: radium
Fluid: actinium
Fluid: thorium
Fluid: protactinium
Fluid: uranium
Fluid: neptunium
Fluid: plutonium
Fluid: americium
Fluid: curium
Fluid: berkelium
Fluid: californium
Fluid: einsteinium
Fluid: fermium
Fluid: mendelevium
Fluid: nobelium
Fluid: lawrencium
Fluid: rutherfordium
Fluid: dubnium
Fluid: seaborgium
Fluid: bohrium
Fluid: hassium
Fluid: meitnerium
Fluid: darmstadtium
Fluid: roentgenium
Fluid: copernicium
Fluid: ununtrium
Ore: nuggetIron
